<?xml version="1.0" encoding="UTF-8"?>
<testsuite xmlns:xsi="http://www.w3.org/2001/XMLSchema-instance" xsi:noNamespaceSchemaLocation="https://maven.apache.org/surefire/maven-surefire-plugin/xsd/surefire-test-report-3.0.xsd" version="3.0" name="com.Abhishek.ControllerTest" time="3.817" tests="4" errors="0" skipped="0" failures="0">
  <properties>
    <property name="sun.desktop" value="windows"/>
    <property name="awt.toolkit" value="sun.awt.windows.WToolkit"/>
    <property name="java.specification.version" value="11"/>
    <property name="sun.cpu.isalist" value="amd64"/>
    <property name="sun.jnu.encoding" value="Cp1252"/>
    <property name="java.class.path" value="C:\Users\abhisheksingh26\eclipse-workspace\MinorAssessment\target\test-classes;C:\Users\abhisheksingh26\eclipse-workspace\MinorAssessment\target\classes;C:\Users\abhisheksingh26\.m2\repository\junit\junit\4.13.2\junit-4.13.2.jar;C:\Users\abhisheksingh26\.m2\repository\org\hamcrest\hamcrest-core\1.3\hamcrest-core-1.3.jar;C:\Users\abhisheksingh26\.m2\repository\org\springframework\spring-context\5.1.1.RELEASE\spring-context-5.1.1.RELEASE.jar;C:\Users\abhisheksingh26\.m2\repository\org\springframework\spring-aop\5.1.1.RELEASE\spring-aop-5.1.1.RELEASE.jar;C:\Users\abhisheksingh26\.m2\repository\org\springframework\spring-beans\5.1.1.RELEASE\spring-beans-5.1.1.RELEASE.jar;C:\Users\abhisheksingh26\.m2\repository\org\springframework\spring-core\5.1.1.RELEASE\spring-core-5.1.1.RELEASE.jar;C:\Users\abhisheksingh26\.m2\repository\org\springframework\spring-jcl\5.1.1.RELEASE\spring-jcl-5.1.1.RELEASE.jar;C:\Users\abhisheksingh26\.m2\repository\org\springframework\spring-expression\5.1.1.RELEASE\spring-expression-5.1.1.RELEASE.jar;C:\Users\abhisheksingh26\.m2\repository\org\springframework\spring-webmvc\5.1.1.RELEASE\spring-webmvc-5.1.1.RELEASE.jar;C:\Users\abhisheksingh26\.m2\repository\org\springframework\spring-web\5.1.1.RELEASE\spring-web-5.1.1.RELEASE.jar;C:\Users\abhisheksingh26\.m2\repository\javax\servlet\javax.servlet-api\3.0.1\javax.servlet-api-3.0.1.jar;C:\Users\abhisheksingh26\.m2\repository\javax\servlet\jstl\1.2\jstl-1.2.jar;C:\Users\abhisheksingh26\.m2\repository\org\springframework\spring-test\5.1.1.RELEASE\spring-test-5.1.1.RELEASE.jar;"/>
    <property name="java.vm.vendor" value="Red Hat, Inc."/>
    <property name="sun.arch.data.model" value="64"/>
    <property name="user.variant" value=""/>
    <property name="java.vendor.url" value="https://access.redhat.com/"/>
    <property name="user.timezone" value="Asia/Calcutta"/>
    <property name="java.vm.specification.version" value="11"/>
    <property name="os.name" value="Windows 11"/>
    <property name="sun.java.launcher" value="SUN_STANDARD"/>
    <property name="user.country" value="IN"/>
    <property name="sun.boot.library.path" value="C:\Users\abhisheksingh26\java-11-openjdk-11.0.15.9-4.windows.redhat.x86_64\bin"/>
    <property name="sun.java.command" value="C:\Users\abhisheksingh26\AppData\Local\Temp\surefire3036226136808127474\surefirebooter-20230413131135540_3.jar C:\Users\abhisheksingh26\AppData\Local\Temp\surefire3036226136808127474 2023-04-13T13-11-35_014-jvmRun1 surefire-20230413131135540_1tmp surefire_0-20230413131135540_2tmp"/>
    <property name="jdk.debug" value="release"/>
    <property name="surefire.test.class.path" value="C:\Users\abhisheksingh26\eclipse-workspace\MinorAssessment\target\test-classes;C:\Users\abhisheksingh26\eclipse-workspace\MinorAssessment\target\classes;C:\Users\abhisheksingh26\.m2\repository\junit\junit\4.13.2\junit-4.13.2.jar;C:\Users\abhisheksingh26\.m2\repository\org\hamcrest\hamcrest-core\1.3\hamcrest-core-1.3.jar;C:\Users\abhisheksingh26\.m2\repository\org\springframework\spring-context\5.1.1.RELEASE\spring-context-5.1.1.RELEASE.jar;C:\Users\abhisheksingh26\.m2\repository\org\springframework\spring-aop\5.1.1.RELEASE\spring-aop-5.1.1.RELEASE.jar;C:\Users\abhisheksingh26\.m2\repository\org\springframework\spring-beans\5.1.1.RELEASE\spring-beans-5.1.1.RELEASE.jar;C:\Users\abhisheksingh26\.m2\repository\org\springframework\spring-core\5.1.1.RELEASE\spring-core-5.1.1.RELEASE.jar;C:\Users\abhisheksingh26\.m2\repository\org\springframework\spring-jcl\5.1.1.RELEASE\spring-jcl-5.1.1.RELEASE.jar;C:\Users\abhisheksingh26\.m2\repository\org\springframework\spring-expression\5.1.1.RELEASE\spring-expression-5.1.1.RELEASE.jar;C:\Users\abhisheksingh26\.m2\repository\org\springframework\spring-webmvc\5.1.1.RELEASE\spring-webmvc-5.1.1.RELEASE.jar;C:\Users\abhisheksingh26\.m2\repository\org\springframework\spring-web\5.1.1.RELEASE\spring-web-5.1.1.RELEASE.jar;C:\Users\abhisheksingh26\.m2\repository\javax\servlet\javax.servlet-api\3.0.1\javax.servlet-api-3.0.1.jar;C:\Users\abhisheksingh26\.m2\repository\javax\servlet\jstl\1.2\jstl-1.2.jar;C:\Users\abhisheksingh26\.m2\repository\org\springframework\spring-test\5.1.1.RELEASE\spring-test-5.1.1.RELEASE.jar;"/>
    <property name="sun.cpu.endian" value="little"/>
    <property name="user.home" value="C:\Users\abhisheksingh26"/>
    <property name="user.language" value="en"/>
    <property name="java.specification.vendor" value="Oracle Corporation"/>
    <property name="java.version.date" value="2022-04-19"/>
    <property name="java.home" value="C:\Users\abhisheksingh26\java-11-openjdk-11.0.15.9-4.windows.redhat.x86_64"/>
    <property name="file.separator" value="\"/>
    <property name="basedir" value="C:\Users\abhisheksingh26\eclipse-workspace\MinorAssessment"/>
    <property name="java.vm.compressedOopsMode" value="Zero based"/>
    <property name="line.separator" value="&#10;"/>
    <property name="java.specification.name" value="Java Platform API Specification"/>
    <property name="java.vm.specification.vendor" value="Oracle Corporation"/>
    <property name="java.awt.graphicsenv" value="sun.awt.Win32GraphicsEnvironment"/>
    <property name="surefire.real.class.path" value="C:\Users\abhisheksingh26\AppData\Local\Temp\surefire3036226136808127474\surefirebooter-20230413131135540_3.jar"/>
    <property name="user.script" value=""/>
    <property name="sun.management.compiler" value="HotSpot 64-Bit Tiered Compilers"/>
    <property name="java.runtime.version" value="11.0.15+9-LTS"/>
    <property name="user.name" value="abhisheksingh26"/>
    <property name="path.separator" value=";"/>
    <property name="os.version" value="10.0"/>
    <property name="java.runtime.name" value="OpenJDK Runtime Environment"/>
    <property name="file.encoding" value="Cp1252"/>
    <property name="java.vm.name" value="OpenJDK 64-Bit Server VM"/>
    <property name="java.vendor.version" value="18.9"/>
    <property name="localRepository" value="C:\Users\abhisheksingh26\.m2\repository"/>
    <property name="java.vendor.url.bug" value="https://bugzilla.redhat.com/enter_bug.cgi"/>
    <property name="java.io.tmpdir" value="C:\Users\ABHISH~1\AppData\Local\Temp\"/>
    <property name="java.version" value="11.0.15"/>
    <property name="user.dir" value="C:\Users\abhisheksingh26\eclipse-workspace\MinorAssessment"/>
    <property name="os.arch" value="amd64"/>
    <property name="java.vm.specification.name" value="Java Virtual Machine Specification"/>
    <property name="java.awt.printerjob" value="sun.awt.windows.WPrinterJob"/>
    <property name="sun.os.patch.level" value=""/>
    <property name="java.library.path" value="C:\Users\abhisheksingh26\java-11-openjdk-11.0.15.9-4.windows.redhat.x86_64\bin;C:\Windows\Sun\Java\bin;C:\Windows\system32;C:\Windows;C:\Windows\system32;C:\Windows;C:\Windows\System32\Wbem;C:\Windows\System32\WindowsPowerShell\v1.0\;C:\Windows\System32\OpenSSH\;C:\Program Files\dotnet\;C:\Program Files\TortoiseSVN\bin;C:\Program Files\Microsoft SQL Server\130\Tools\Binn\;C:\Program Files\Microsoft SQL Server\Client SDK\ODBC\170\Tools\Binn\;C:\Program Files\Git\cmd;C:\Program Files\nodejs\;C:\Program Files (x86)\Microsoft SQL Server\150\DTS\Binn\;C:\Program Files\Azure Data Studio\bin;C:\Program Files (x86)\Microsoft SQL Server\140\Tools\Binn\;C:\Program Files\Microsoft SQL Server\140\Tools\Binn\;C:\Program Files (x86)\Microsoft SQL Server\140\DTS\Binn\;C:\Program Files\Microsoft SQL Server\140\DTS\Binn\;C:\Program Files\Microsoft SQL Server\Client SDK\ODBC\130\Tools\Binn\;C:\Users\abhisheksingh26\java-11-openjdk-11.0.15.9-4.windows.redhat.x86_64\bin;C:\Users\abhisheksingh26\Downloads\terraform_1.3.9_windows_386;C:\.Net &amp; Java Software\apache-maven-3.9.0\bin;C:\Users\abhisheksingh26\AppData\Local\Microsoft\WindowsApps;C:\Users\abhisheksingh26\AppData\Roaming\npm;C:\Program Files\Azure Data Studio\bin;C:\Users\abhisheksingh26\AppData\Local\Programs\Microsoft VS Code\bin;C:\Users\abhisheksingh26\.dotnet\tools;."/>
    <property name="java.vm.info" value="mixed mode"/>
    <property name="java.vendor" value="Red Hat, Inc."/>
    <property name="java.vm.version" value="11.0.15+9-LTS"/>
    <property name="sun.io.unicode.encoding" value="UnicodeLittle"/>
    <property name="java.class.version" value="55.0"/>
  </properties>
  <testcase name="testAdd" classname="com.Abhishek.ControllerTest" time="1.19">
    <system-err><![CDATA[Apr 13, 2023 1:11:37 PM org.springframework.test.context.support.AbstractTestContextBootstrapper getDefaultTestExecutionListenerClassNames
INFO: Loaded default TestExecutionListener class names from location [META-INF/spring.factories]: [org.springframework.test.context.web.ServletTestExecutionListener, org.springframework.test.context.support.DirtiesContextBeforeModesTestExecutionListener, org.springframework.test.context.support.DependencyInjectionTestExecutionListener, org.springframework.test.context.support.DirtiesContextTestExecutionListener, org.springframework.test.context.transaction.TransactionalTestExecutionListener, org.springframework.test.context.jdbc.SqlScriptsTestExecutionListener]
Apr 13, 2023 1:11:37 PM org.springframework.test.context.support.AbstractTestContextBootstrapper getTestExecutionListeners
INFO: Using TestExecutionListeners: [org.springframework.test.context.web.ServletTestExecutionListener@63070bab, org.springframework.test.context.support.DirtiesContextBeforeModesTestExecutionListener@68e5eea7, org.springframework.test.context.support.DependencyInjectionTestExecutionListener@291b4bf5, org.springframework.test.context.support.DirtiesContextTestExecutionListener@2d2ffcb7]
Apr 13, 2023 1:11:38 PM org.springframework.mock.web.MockServletContext log
INFO: Initializing Spring TestDispatcherServlet ''
Apr 13, 2023 1:11:38 PM org.springframework.web.servlet.FrameworkServlet initServletBean
INFO: Initializing Servlet ''
Apr 13, 2023 1:11:38 PM org.springframework.web.servlet.FrameworkServlet initServletBean
INFO: Completed initialization in 17 ms
]]></system-err>
  </testcase>
  <testcase name="testMultiplication" classname="com.Abhishek.ControllerTest" time="0.508">
    <system-err><![CDATA[Apr 13, 2023 1:11:39 PM org.springframework.mock.web.MockServletContext log
INFO: Initializing Spring TestDispatcherServlet ''
Apr 13, 2023 1:11:39 PM org.springframework.web.servlet.FrameworkServlet initServletBean
INFO: Initializing Servlet ''
Apr 13, 2023 1:11:39 PM org.springframework.web.servlet.FrameworkServlet initServletBean
INFO: Completed initialization in 5 ms
]]></system-err>
  </testcase>
  <testcase name="testSubstraction" classname="com.Abhishek.ControllerTest" time="0.378">
    <system-err><![CDATA[Apr 13, 2023 1:11:39 PM org.springframework.mock.web.MockServletContext log
INFO: Initializing Spring TestDispatcherServlet ''
Apr 13, 2023 1:11:39 PM org.springframework.web.servlet.FrameworkServlet initServletBean
INFO: Initializing Servlet ''
Apr 13, 2023 1:11:39 PM org.springframework.web.servlet.FrameworkServlet initServletBean
INFO: Completed initialization in 1 ms
]]></system-err>
  </testcase>
  <testcase name="testDivision" classname="com.Abhishek.ControllerTest" time="0.308">
    <system-err><![CDATA[Apr 13, 2023 1:11:40 PM org.springframework.mock.web.MockServletContext log
INFO: Initializing Spring TestDispatcherServlet ''
Apr 13, 2023 1:11:40 PM org.springframework.web.servlet.FrameworkServlet initServletBean
INFO: Initializing Servlet ''
Apr 13, 2023 1:11:40 PM org.springframework.web.servlet.FrameworkServlet initServletBean
INFO: Completed initialization in 1 ms
]]></system-err>
  </testcase>
</testsuite>